# JRE version: Java(TM) SE Runtime Environment (8.0_111-b14) (build 1.8.0_111-b14)
# Java VM: Java HotSpot(TM) 64-Bit Server VM (25.111-b14 mixed mode windows-amd64 compressed oops)
Heap:
 garbage-first heap   total 132096K, used 100707K [0x00000000c0000000, 0x00000000c0100408, 0x0000000100000000)
  region size 1024K, 76 young (77824K), 10 survivors (10240K)
 Metaspace       used 46494K, capacity 49312K, committed 49536K, reserved 1093632K
  class space    used 4910K, capacity 5688K, committed 5760K, reserved 1048576K
GC Heap History (10 events):
Event: 0.690 GC heap after
Heap after GC invocations=1 (full 0):
 garbage-first heap   total 131072K, used 6643K [0x00000000c0000000, 0x00000000c0100400, 0x0000000100000000)
  region size 1024K, 3 young (3072K), 3 survivors (3072K)
 Metaspace       used 9486K, capacity 9762K, committed 9856K, reserved 1058816K
  class space    used 1013K, capacity 1099K, committed 1152K, reserved 1048576K
}
Event: 1.070 GC heap before
{Heap before GC invocations=1 (full 0):
 garbage-first heap   total 131072K, used 36339K [0x00000000c0000000, 0x00000000c0100400, 0x0000000100000000)
  region size 1024K, 32 young (32768K), 3 survivors (3072K)
 Metaspace       used 16828K, capacity 17590K, committed 17792K, reserved 1064960K
  class space    used 1649K, capacity 1905K, committed 1920K, reserved 1048576K
Event: 1.080 GC heap after
Heap after GC invocations=2 (full 0):
 garbage-first heap   total 131072K, used 16774K [0x00000000c0000000, 0x00000000c0100400, 0x0000000100000000)
  region size 1024K, 4 young (4096K), 4 survivors (4096K)
 Metaspace       used 16828K, capacity 17590K, committed 17792K, reserved 1064960K
  class space    used 1649K, capacity 1905K, committed 1920K, reserved 1048576K
}
Event: 1.293 GC heap before
{Heap before GC invocations=2 (full 0):
 garbage-first heap   total 131072K, used 37254K [0x00000000c0000000, 0x00000000c0100400, 0x0000000100000000)
  region size 1024K, 25 young (25600K), 4 survivors (4096K)
 Metaspace       used 20053K, capacity 21080K, committed 21296K, reserved 1069056K
  class space    used 2065K, capacity 2415K, committed 2432K, reserved 1048576K
Event: 1.298 GC heap after
Heap after GC invocations=3 (full 0):
 garbage-first heap   total 131072K, used 20442K [0x00000000c0000000, 0x00000000c0100400, 0x0000000100000000)
  region size 1024K, 8 young (8192K), 8 survivors (8192K)
 Metaspace       used 20053K, capacity 21080K, committed 21296K, reserved 1069056K
  class space    used 2065K, capacity 2415K, committed 2432K, reserved 1048576K
}
Event: 1.887 GC heap before
{Heap before GC invocations=4 (full 0):
 garbage-first heap   total 131072K, used 85587K [0x00000000c0000000, 0x00000000c0100400, 0x0000000100000000)
  region size 1024K, 76 young (77824K), 8 survivors (8192K)
 Metaspace       used 25819K, capacity 27088K, committed 27392K, reserved 1073152K
  class space    used 2808K, capacity 3274K, committed 3328K, reserved 1048576K
Event: 1.898 GC heap after
Heap after GC invocations=5 (full 0):
 garbage-first heap   total 131072K, used 23348K [0x00000000c0000000, 0x00000000c0100400, 0x0000000100000000)
  region size 1024K, 10 young (10240K), 10 survivors (10240K)
 Metaspace       used 25819K, capacity 27088K, committed 27392K, reserved 1073152K
  class space    used 2808K, capacity 3274K, committed 3328K, reserved 1048576K
}
Event: 2.484 GC heap before
{Heap before GC invocations=5 (full 0):
 garbage-first heap   total 131072K, used 77620K [0x00000000c0000000, 0x00000000c0100400, 0x0000000100000000)
  region size 1024K, 64 young (65536K), 10 survivors (10240K)
 Metaspace       used 33573K, capacity 35626K, committed 35708K, reserved 1081344K
  class space    used 3707K, capacity 4465K, committed 4480K, reserved 1048576K
Event: 2.499 GC heap after
Heap after GC invocations=6 (full 0):
 garbage-first heap   total 131072K, used 37731K [0x00000000c0000000, 0x00000000c0100400, 0x0000000100000000)
  region size 1024K, 10 young (10240K), 10 survivors (10240K)
 Metaspace       used 33573K, capacity 35626K, committed 35708K, reserved 1081344K
  class space    used 3707K, capacity 4465K, committed 4480K, reserved 1048576K
}
Event: 3.602 GC heap before
{Heap before GC invocations=7 (full 0):
 garbage-first heap   total 131072K, used 100707K [0x00000000c0000000, 0x00000000c0100400, 0x0000000100000000)
  region size 1024K, 76 young (77824K), 10 survivors (10240K)
 Metaspace       used 46494K, capacity 49312K, committed 49536K, reserved 1093632K
  class space    used 4910K, capacity 5688K, committed 5760K, reserved 1048576K

