# JRE version: Java(TM) SE Runtime Environment (8.0_111-b14) (build 1.8.0_111-b14)
# Java VM: Java HotSpot(TM) 64-Bit Server VM (25.111-b14 mixed mode windows-amd64 compressed oops)
Heap:
 garbage-first heap   total 133120K, used 87290K [0x00000000c0000000, 0x00000000c0100410, 0x0000000100000000)
  region size 1024K, 31 young (31744K), 6 survivors (6144K)
 Metaspace       used 53375K, capacity 56580K, committed 56832K, reserved 1099776K
  class space    used 5413K, capacity 6308K, committed 6400K, reserved 1048576K
GC Heap History (10 events):
Event: 86.277 GC heap before
{Heap before GC invocations=10 (full 0):
 garbage-first heap   total 133120K, used 112640K [0x00000000c0000000, 0x00000000c0100410, 0x0000000100000000)
  region size 1024K, 58 young (59392K), 5 survivors (5120K)
 Metaspace       used 50097K, capacity 53350K, committed 53632K, reserved 1097728K
  class space    used 5140K, capacity 5970K, committed 6016K, reserved 1048576K
Event: 86.283 GC heap after
Heap after GC invocations=11 (full 0):
 garbage-first heap   total 133120K, used 56113K [0x00000000c0000000, 0x00000000c0100410, 0x0000000100000000)
  region size 1024K, 3 young (3072K), 3 survivors (3072K)
 Metaspace       used 50097K, capacity 53350K, committed 53632K, reserved 1097728K
  class space    used 5140K, capacity 5970K, committed 6016K, reserved 1048576K
}
Event: 89.968 GC heap before
{Heap before GC invocations=11 (full 0):
 garbage-first heap   total 133120K, used 114033K [0x00000000c0000000, 0x00000000c0100410, 0x0000000100000000)
  region size 1024K, 59 young (60416K), 3 survivors (3072K)
 Metaspace       used 51068K, capacity 54384K, committed 54528K, reserved 1097728K
  class space    used 5221K, capacity 6137K, committed 6144K, reserved 1048576K
Event: 89.974 GC heap after
Heap after GC invocations=12 (full 0):
 garbage-first heap   total 133120K, used 57854K [0x00000000c0000000, 0x00000000c0100410, 0x0000000100000000)
  region size 1024K, 5 young (5120K), 5 survivors (5120K)
 Metaspace       used 51068K, capacity 54384K, committed 54528K, reserved 1097728K
  class space    used 5221K, capacity 6137K, committed 6144K, reserved 1048576K
}
Event: 94.999 GC heap before
{Heap before GC invocations=12 (full 0):
 garbage-first heap   total 133120K, used 113150K [0x00000000c0000000, 0x00000000c0100410, 0x0000000100000000)
  region size 1024K, 59 young (60416K), 5 survivors (5120K)
 Metaspace       used 51303K, capacity 54582K, committed 54784K, reserved 1097728K
  class space    used 5226K, capacity 6138K, committed 6144K, reserved 1048576K
Event: 95.002 GC heap after
Heap after GC invocations=13 (full 0):
 garbage-first heap   total 133120K, used 57718K [0x00000000c0000000, 0x00000000c0100410, 0x0000000100000000)
  region size 1024K, 5 young (5120K), 5 survivors (5120K)
 Metaspace       used 51303K, capacity 54582K, committed 54784K, reserved 1097728K
  class space    used 5226K, capacity 6138K, committed 6144K, reserved 1048576K
}
Event: 99.780 GC heap before
{Heap before GC invocations=13 (full 0):
 garbage-first heap   total 133120K, used 113590K [0x00000000c0000000, 0x00000000c0100410, 0x0000000100000000)
  region size 1024K, 59 young (60416K), 5 survivors (5120K)
 Metaspace       used 53133K, capacity 56294K, committed 56576K, reserved 1099776K
  class space    used 5409K, capacity 6305K, committed 6400K, reserved 1048576K
Event: 99.786 GC heap after
Heap after GC invocations=14 (full 0):
 garbage-first heap   total 133120K, used 58903K [0x00000000c0000000, 0x00000000c0100410, 0x0000000100000000)
  region size 1024K, 6 young (6144K), 6 survivors (6144K)
 Metaspace       used 53133K, capacity 56294K, committed 56576K, reserved 1099776K
  class space    used 5409K, capacity 6305K, committed 6400K, reserved 1048576K
}
Event: 142.455 GC heap before
{Heap before GC invocations=14 (full 0):
 garbage-first heap   total 133120K, used 112151K [0x00000000c0000000, 0x00000000c0100410, 0x0000000100000000)
  region size 1024K, 58 young (59392K), 6 survivors (6144K)
 Metaspace       used 53270K, capacity 56508K, committed 56832K, reserved 1099776K
  class space    used 5412K, capacity 6308K, committed 6400K, reserved 1048576K
Event: 142.459 GC heap after
Heap after GC invocations=15 (full 0):
 garbage-first heap   total 133120K, used 59207K [0x00000000c0000000, 0x00000000c0100410, 0x0000000100000000)
  region size 1024K, 6 young (6144K), 6 survivors (6144K)
 Metaspace       used 53270K, capacity 56508K, committed 56832K, reserved 1099776K
  class space    used 5412K, capacity 6308K, committed 6400K, reserved 1048576K
}

