# JRE version: Java(TM) SE Runtime Environment (8.0_111-b14) (build 1.8.0_111-b14)
# Java VM: Java HotSpot(TM) 64-Bit Server VM (25.111-b14 mixed mode windows-amd64 compressed oops)
Heap:
 garbage-first heap   total 131072K, used 56097K [0x00000000c0000000, 0x00000000c0100400, 0x0000000100000000)
  region size 1024K, 42 young (43008K), 10 survivors (10240K)
 Metaspace       used 30756K, capacity 32654K, committed 32768K, reserved 1077248K
  class space    used 3373K, capacity 4009K, committed 4096K, reserved 1048576K
GC Heap History (8 events):
Event: 24.387 GC heap before
{Heap before GC invocations=0 (full 0):
 garbage-first heap   total 131072K, used 24576K [0x00000000c0000000, 0x00000000c0100400, 0x0000000100000000)
  region size 1024K, 24 young (24576K), 0 survivors (0K)
 Metaspace       used 9499K, capacity 9746K, committed 9856K, reserved 1058816K
  class space    used 1014K, capacity 1099K, committed 1152K, reserved 1048576K
Event: 24.400 GC heap after
Heap after GC invocations=1 (full 0):
 garbage-first heap   total 131072K, used 6728K [0x00000000c0000000, 0x00000000c0100400, 0x0000000100000000)
  region size 1024K, 3 young (3072K), 3 survivors (3072K)
 Metaspace       used 9499K, capacity 9746K, committed 9856K, reserved 1058816K
  class space    used 1014K, capacity 1099K, committed 1152K, reserved 1048576K
}
Event: 29.758 GC heap before
{Heap before GC invocations=1 (full 0):
 garbage-first heap   total 131072K, used 35400K [0x00000000c0000000, 0x00000000c0100400, 0x0000000100000000)
  region size 1024K, 31 young (31744K), 3 survivors (3072K)
 Metaspace       used 16615K, capacity 17452K, committed 17536K, reserved 1064960K
  class space    used 1633K, capacity 1906K, committed 1920K, reserved 1048576K
Event: 29.779 GC heap after
Heap after GC invocations=2 (full 0):
 garbage-first heap   total 131072K, used 16587K [0x00000000c0000000, 0x00000000c0100400, 0x0000000100000000)
  region size 1024K, 4 young (4096K), 4 survivors (4096K)
 Metaspace       used 16615K, capacity 17452K, committed 17536K, reserved 1064960K
  class space    used 1633K, capacity 1906K, committed 1920K, reserved 1048576K
}
Event: 33.761 GC heap before
{Heap before GC invocations=2 (full 0):
 garbage-first heap   total 131072K, used 41163K [0x00000000c0000000, 0x00000000c0100400, 0x0000000100000000)
  region size 1024K, 29 young (29696K), 4 survivors (4096K)
 Metaspace       used 20141K, capacity 21102K, committed 21248K, reserved 1069056K
  class space    used 2085K, capacity 2448K, committed 2560K, reserved 1048576K
Event: 33.771 GC heap after
Heap after GC invocations=3 (full 0):
 garbage-first heap   total 131072K, used 20960K [0x00000000c0000000, 0x00000000c0100400, 0x0000000100000000)
  region size 1024K, 9 young (9216K), 9 survivors (9216K)
 Metaspace       used 20141K, capacity 21102K, committed 21248K, reserved 1069056K
  class space    used 2085K, capacity 2448K, committed 2560K, reserved 1048576K
}
Event: 36.606 GC heap before
{Heap before GC invocations=4 (full 0):
 garbage-first heap   total 131072K, used 84244K [0x00000000c0000000, 0x00000000c0100400, 0x0000000100000000)
  region size 1024K, 76 young (77824K), 9 survivors (9216K)
 Metaspace       used 26084K, capacity 27360K, committed 27392K, reserved 1073152K
  class space    used 2825K, capacity 3306K, committed 3328K, reserved 1048576K
Event: 36.628 GC heap after
Heap after GC invocations=5 (full 0):
 garbage-first heap   total 131072K, used 24353K [0x00000000c0000000, 0x00000000c0100400, 0x0000000100000000)
  region size 1024K, 10 young (10240K), 10 survivors (10240K)
 Metaspace       used 26084K, capacity 27360K, committed 27392K, reserved 1073152K
  class space    used 2825K, capacity 3306K, committed 3328K, reserved 1048576K
}

