# JRE version: Java(TM) SE Runtime Environment (8.0_111-b14) (build 1.8.0_111-b14)
# Java VM: Java HotSpot(TM) 64-Bit Server VM (25.111-b14 mixed mode windows-amd64 compressed oops)
Heap:
 PSYoungGen      total 6656K, used 1942K [0x00000000d5d00000, 0x00000000d6400000, 0x0000000100000000)
  eden space 6144K, 23% used [0x00000000d5d00000,0x00000000d5e69238,0x00000000d6300000)
  from space 512K, 97% used [0x00000000d6380000,0x00000000d63fc970,0x00000000d6400000)
  to   space 512K, 0% used [0x00000000d6300000,0x00000000d6300000,0x00000000d6380000)
 ParOldGen       total 11776K, used 7554K [0x0000000081600000, 0x0000000082180000, 0x00000000d5d00000)
  object space 11776K, 64% used [0x0000000081600000,0x0000000081d60a10,0x0000000082180000)
 Metaspace       used 8000K, capacity 8692K, committed 8960K, reserved 1056768K
  class space    used 968K, capacity 1008K, committed 1024K, reserved 1048576K
GC Heap History (10 events):
Event: 0.249 GC heap before
{Heap before GC invocations=3 (full 0):
 PSYoungGen      total 3584K, used 3568K [0x00000000d5d00000, 0x00000000d6100000, 0x0000000100000000)
  eden space 3072K, 100% used [0x00000000d5d00000,0x00000000d6000000,0x00000000d6000000)
  from space 512K, 96% used [0x00000000d6080000,0x00000000d60fc020,0x00000000d6100000)
  to   space 512K, 0% used [0x00000000d6000000,0x00000000d6000000,0x00000000d6080000)
 ParOldGen       total 5632K, used 248K [0x0000000081600000, 0x0000000081b80000, 0x00000000d5d00000)
  object space 5632K, 4% used [0x0000000081600000,0x000000008163e020,0x0000000081b80000)
 Metaspace       used 5193K, capacity 6324K, committed 6656K, reserved 1056768K
  class space    used 638K, capacity 688K, committed 768K, reserved 1048576K
Event: 0.250 GC heap after
Heap after GC invocations=3 (full 0):
 PSYoungGen      total 3584K, used 512K [0x00000000d5d00000, 0x00000000d6400000, 0x0000000100000000)
  eden space 3072K, 0% used [0x00000000d5d00000,0x00000000d5d00000,0x00000000d6000000)
  from space 512K, 100% used [0x00000000d6000000,0x00000000d6080000,0x00000000d6080000)
  to   space 512K, 0% used [0x00000000d6380000,0x00000000d6380000,0x00000000d6400000)
 ParOldGen       total 5632K, used 616K [0x0000000081600000, 0x0000000081b80000, 0x00000000d5d00000)
  object space 5632K, 10% used [0x0000000081600000,0x000000008169a040,0x0000000081b80000)
 Metaspace       used 5193K, capacity 6324K, committed 6656K, reserved 1056768K
  class space    used 638K, capacity 688K, committed 768K, reserved 1048576K
}
Event: 0.316 GC heap before
{Heap before GC invocations=4 (full 0):
 PSYoungGen      total 3584K, used 3584K [0x00000000d5d00000, 0x00000000d6400000, 0x0000000100000000)
  eden space 3072K, 100% used [0x00000000d5d00000,0x00000000d6000000,0x00000000d6000000)
  from space 512K, 100% used [0x00000000d6000000,0x00000000d6080000,0x00000000d6080000)
  to   space 512K, 0% used [0x00000000d6380000,0x00000000d6380000,0x00000000d6400000)
 ParOldGen       total 5632K, used 616K [0x0000000081600000, 0x0000000081b80000, 0x00000000d5d00000)
  object space 5632K, 10% used [0x0000000081600000,0x000000008169a040,0x0000000081b80000)
 Metaspace       used 6310K, capacity 7412K, committed 7552K, reserved 1056768K
  class space    used 789K, capacity 816K, committed 896K, reserved 1048576K
Event: 0.317 GC heap after
Heap after GC invocations=4 (full 0):
 PSYoungGen      total 6656K, used 480K [0x00000000d5d00000, 0x00000000d6400000, 0x0000000100000000)
  eden space 6144K, 0% used [0x00000000d5d00000,0x00000000d5d00000,0x00000000d6300000)
  from space 512K, 93% used [0x00000000d6380000,0x00000000d63f8020,0x00000000d6400000)
  to   space 512K, 0% used [0x00000000d6300000,0x00000000d6300000,0x00000000d6380000)
 ParOldGen       total 5632K, used 1037K [0x0000000081600000, 0x0000000081b80000, 0x00000000d5d00000)
  object space 5632K, 18% used [0x0000000081600000,0x0000000081703530,0x0000000081b80000)
 Metaspace       used 6310K, capacity 7412K, committed 7552K, reserved 1056768K
  class space    used 789K, capacity 816K, committed 896K, reserved 1048576K
}
Event: 0.398 GC heap before
{Heap before GC invocations=5 (full 0):
 PSYoungGen      total 6656K, used 6624K [0x00000000d5d00000, 0x00000000d6400000, 0x0000000100000000)
  eden space 6144K, 100% used [0x00000000d5d00000,0x00000000d6300000,0x00000000d6300000)
  from space 512K, 93% used [0x00000000d6380000,0x00000000d63f8020,0x00000000d6400000)
  to   space 512K, 0% used [0x00000000d6300000,0x00000000d6300000,0x00000000d6380000)
 ParOldGen       total 5632K, used 1037K [0x0000000081600000, 0x0000000081b80000, 0x00000000d5d00000)
  object space 5632K, 18% used [0x0000000081600000,0x0000000081703530,0x0000000081b80000)
 Metaspace       used 7293K, capacity 8084K, committed 8448K, reserved 1056768K
  class space    used 893K, capacity 912K, committed 1024K, reserved 1048576K
Event: 0.401 GC heap after
Heap after GC invocations=5 (full 0):
 PSYoungGen      total 6656K, used 496K [0x00000000d5d00000, 0x00000000d6400000, 0x0000000100000000)
  eden space 6144K, 0% used [0x00000000d5d00000,0x00000000d5d00000,0x00000000d6300000)
  from space 512K, 96% used [0x00000000d6300000,0x00000000d637c010,0x00000000d6380000)
  to   space 512K, 0% used [0x00000000d6380000,0x00000000d6380000,0x00000000d6400000)
 ParOldGen       total 5632K, used 4978K [0x0000000081600000, 0x0000000081b80000, 0x00000000d5d00000)
  object space 5632K, 88% used [0x0000000081600000,0x0000000081adcb38,0x0000000081b80000)
 Metaspace       used 7293K, capacity 8084K, committed 8448K, reserved 1056768K
  class space    used 893K, capacity 912K, committed 1024K, reserved 1048576K
}
Event: 0.401 GC heap before
{Heap before GC invocations=6 (full 1):
 PSYoungGen      total 6656K, used 496K [0x00000000d5d00000, 0x00000000d6400000, 0x0000000100000000)
  eden space 6144K, 0% used [0x00000000d5d00000,0x00000000d5d00000,0x00000000d6300000)
  from space 512K, 96% used [0x00000000d6300000,0x00000000d637c010,0x00000000d6380000)
  to   space 512K, 0% used [0x00000000d6380000,0x00000000d6380000,0x00000000d6400000)
 ParOldGen       total 5632K, used 4978K [0x0000000081600000, 0x0000000081b80000, 0x00000000d5d00000)
  object space 5632K, 88% used [0x0000000081600000,0x0000000081adcb38,0x0000000081b80000)
 Metaspace       used 7293K, capacity 8084K, committed 8448K, reserved 1056768K
  class space    used 893K, capacity 912K, committed 1024K, reserved 1048576K
Event: 0.431 GC heap after
Heap after GC invocations=6 (full 1):
 PSYoungGen      total 6656K, used 0K [0x00000000d5d00000, 0x00000000d6400000, 0x0000000100000000)
  eden space 6144K, 0% used [0x00000000d5d00000,0x00000000d5d00000,0x00000000d6300000)
  from space 512K, 0% used [0x00000000d6300000,0x00000000d6300000,0x00000000d6380000)
  to   space 512K, 0% used [0x00000000d6380000,0x00000000d6380000,0x00000000d6400000)
 ParOldGen       total 11776K, used 5245K [0x0000000081600000, 0x0000000082180000, 0x00000000d5d00000)
  object space 11776K, 44% used [0x0000000081600000,0x0000000081b1f698,0x0000000082180000)
 Metaspace       used 7293K, capacity 8084K, committed 8448K, reserved 1056768K
  class space    used 893K, capacity 912K, committed 1024K, reserved 1048576K
}
Event: 0.502 GC heap before
{Heap before GC invocations=7 (full 1):
 PSYoungGen      total 6656K, used 6144K [0x00000000d5d00000, 0x00000000d6400000, 0x0000000100000000)
  eden space 6144K, 100% used [0x00000000d5d00000,0x00000000d6300000,0x00000000d6300000)
  from space 512K, 0% used [0x00000000d6300000,0x00000000d6300000,0x00000000d6380000)
  to   space 512K, 0% used [0x00000000d6380000,0x00000000d6380000,0x00000000d6400000)
 ParOldGen       total 11776K, used 5245K [0x0000000081600000, 0x0000000082180000, 0x00000000d5d00000)
  object space 11776K, 44% used [0x0000000081600000,0x0000000081b1f698,0x0000000082180000)
 Metaspace       used 7698K, capacity 8404K, committed 8704K, reserved 1056768K
  class space    used 943K, capacity 976K, committed 1024K, reserved 1048576K
Event: 0.504 GC heap after
Heap after GC invocations=7 (full 1):
 PSYoungGen      total 6656K, used 498K [0x00000000d5d00000, 0x00000000d6400000, 0x0000000100000000)
  eden space 6144K, 0% used [0x00000000d5d00000,0x00000000d5d00000,0x00000000d6300000)
  from space 512K, 97% used [0x00000000d6380000,0x00000000d63fc970,0x00000000d6400000)
  to   space 512K, 0% used [0x00000000d6300000,0x00000000d6300000,0x00000000d6380000)
 ParOldGen       total 11776K, used 7554K [0x0000000081600000, 0x0000000082180000, 0x00000000d5d00000)
  object space 11776K, 64% used [0x0000000081600000,0x0000000081d60a10,0x0000000082180000)
 Metaspace       used 7698K, capacity 8404K, committed 8704K, reserved 1056768K
  class space    used 943K, capacity 976K, committed 1024K, reserved 1048576K
}

